c:\users\kclou\onedrive\school work\month14_pro&port4\p-p4_graphics2\d3d11sample\greenscreen\x64\debug\vc142.pdb
c:\users\kclou\onedrive\school work\month14_pro&port4\p-p4_graphics2\d3d11sample\greenscreen\x64\debug\vc142.idb
c:\users\kclou\onedrive\school work\month14_pro&port4\p-p4_graphics2\d3d11sample\greenscreen\x64\debug\mesh.obj
c:\users\kclou\onedrive\school work\month14_pro&port4\p-p4_graphics2\d3d11sample\greenscreen\x64\debug\main.obj
c:\users\kclou\onedrive\school work\month14_pro&port4\p-p4_graphics2\d3d11sample\greenscreen\x64\debug\graphics.obj
c:\users\kclou\onedrive\school work\month14_pro&port4\p-p4_graphics2\d3d11sample\greenscreen\x64\debug\ddstextureloader.obj
c:\users\kclou\onedrive\school work\month14_pro&port4\p-p4_graphics2\d3d11sample\greenscreen\x64\debug\camera.obj
c:\users\kclou\onedrive\school work\month14_pro&port4\p-p4_graphics2\d3d11sample\greenscreen\x64\debug\gwindow.obj
c:\users\kclou\onedrive\school work\month14_pro&port4\p-p4_graphics2\d3d11sample\greenscreen\x64\debug\gdirectx11surface.obj
c:\users\kclou\onedrive\school work\month14_pro&port4\p-p4_graphics2\d3d11sample\greenscreen\pixelshader.csh
c:\users\kclou\onedrive\school work\month14_pro&port4\p-p4_graphics2\d3d11sample\x64\debug\pixelshader.cso
c:\users\kclou\onedrive\school work\month14_pro&port4\p-p4_graphics2\d3d11sample\x64\debug\greenscreen.exe
c:\users\kclou\onedrive\school work\month14_pro&port4\p-p4_graphics2\d3d11sample\x64\debug\greenscreen.ilk
c:\users\kclou\onedrive\school work\month14_pro&port4\p-p4_graphics2\d3d11sample\x64\debug\greenscreen.pdb
c:\users\kclou\onedrive\school work\month14_pro&port4\p-p4_graphics2\d3d11sample\greenscreen\x64\debug\greenscreen.tlog\cl.command.1.tlog
c:\users\kclou\onedrive\school work\month14_pro&port4\p-p4_graphics2\d3d11sample\greenscreen\x64\debug\greenscreen.tlog\cl.read.1.tlog
c:\users\kclou\onedrive\school work\month14_pro&port4\p-p4_graphics2\d3d11sample\greenscreen\x64\debug\greenscreen.tlog\cl.write.1.tlog
c:\users\kclou\onedrive\school work\month14_pro&port4\p-p4_graphics2\d3d11sample\greenscreen\x64\debug\greenscreen.tlog\fxc.command.1.tlog
c:\users\kclou\onedrive\school work\month14_pro&port4\p-p4_graphics2\d3d11sample\greenscreen\x64\debug\greenscreen.tlog\fxc.read.1.tlog
c:\users\kclou\onedrive\school work\month14_pro&port4\p-p4_graphics2\d3d11sample\greenscreen\x64\debug\greenscreen.tlog\fxc.write.1.tlog
c:\users\kclou\onedrive\school work\month14_pro&port4\p-p4_graphics2\d3d11sample\greenscreen\x64\debug\greenscreen.tlog\link.command.1.tlog
c:\users\kclou\onedrive\school work\month14_pro&port4\p-p4_graphics2\d3d11sample\greenscreen\x64\debug\greenscreen.tlog\link.read.1.tlog
c:\users\kclou\onedrive\school work\month14_pro&port4\p-p4_graphics2\d3d11sample\greenscreen\x64\debug\greenscreen.tlog\link.write.1.tlog
